<?xml version="1.0" encoding="UTF-8"?>
<!-- Generated by org.testng.reporters.JUnitXMLReporter -->
<testsuite ignored="0" hostname="DESKTOP-K50V2JM" failures="1" tests="4" name="Test" time="62.517" errors="0" timestamp="2021-12-20T16:21:32 IST">
  <testcase classname="com.qa.BaseTest" name="@AfterTest aftertest" time="-1.63999749281E9">
    <failure type="org.testng.TestNGException" message="
Can inject only one of &amp;lt;ITestContext, XmlTest&amp;gt; into a @AfterTest annotated aftertest.
For more information on native dependency injection please refer to https://testng.org/doc/documentation-main.html#native-dependency-injection">
      <![CDATA[org.testng.TestNGException: 
Can inject only one of <ITestContext, XmlTest> into a @AfterTest annotated aftertest.
For more information on native dependency injection please refer to https://testng.org/doc/documentation-main.html#native-dependency-injection
... Removed 21 stack frames]]>
    </failure>
  </testcase> <!-- @AfterTest aftertest -->
  <testcase classname="com.test.SampleTest" name="sample" time="6.227"/>
  <testcase classname="com.test.SampleTest" name="sample1" time="6.135"/>
  <testcase classname="com.test.SampleTest" name="sample2" time="6.174">
    <failure type="java.lang.AssertionError" message="expected [false] but found [true]">
      <![CDATA[java.lang.AssertionError: expected [false] but found [true]
at pageEvents.Login.login3(Login.java:46)
at com.test.SampleTest.sample2(SampleTest.java:32)
at java.base/java.util.ArrayList.forEach(ArrayList.java:1511)
... Removed 33 stack frames]]>
    </failure>
  </testcase> <!-- sample2 -->
  <testcase classname="com.test.SampleTest" name="sample3" time="6.253"/>
</testsuite> <!-- Test -->
